::1 - - [12/Dec/2020:17:12:49 -0800] "GET / HTTP/1.1" 200 458 "-" "Mozilla/5.0 (Windows NT 10.0; Win64; x64) AppleWebKit/537.36 (KHTML, like Gecko) Chrome/87.0.4280.88 Safari/537.36"
::1 - - [12/Dec/2020:17:12:49 -0800] "GET /favicon.ico HTTP/1.1" 404 521 "http://localhost:8080/" "Mozilla/5.0 (Windows NT 10.0; Win64; x64) AppleWebKit/537.36 (KHTML, like Gecko) Chrome/87.0.4280.88 Safari/537.36"
::1 - - [12/Dec/2020:17:12:52 -0800] "OPTIONS * HTTP/1.0" 200 126 "-" "Apache/2.4.41 (Ubuntu) (internal dummy connection)"
::1 - - [12/Dec/2020:17:12:53 -0800] "OPTIONS * HTTP/1.0" 200 126 "-" "Apache/2.4.41 (Ubuntu) (internal dummy connection)"
::1 - - [12/Dec/2020:17:25:57 -0800] "GET /Dashboard.hyml HTTP/1.1" 404 522 "-" "Mozilla/5.0 (Windows NT 10.0; Win64; x64) AppleWebKit/537.36 (KHTML, like Gecko) Chrome/87.0.4280.88 Safari/537.36"
::1 - - [12/Dec/2020:17:26:02 -0800] "GET /Dashboard.html HTTP/1.1" 200 3738 "-" "Mozilla/5.0 (Windows NT 10.0; Win64; x64) AppleWebKit/537.36 (KHTML, like Gecko) Chrome/87.0.4280.88 Safari/537.36"
::1 - - [12/Dec/2020:17:26:02 -0800] "GET /assets/fonts/fontawesome5-overrides.min.css HTTP/1.1" 200 587 "http://localhost:8080/Dashboard.html" "Mozilla/5.0 (Windows NT 10.0; Win64; x64) AppleWebKit/537.36 (KHTML, like Gecko) Chrome/87.0.4280.88 Safari/537.36"
::1 - - [12/Dec/2020:17:26:02 -0800] "GET /assets/css/Bootstrap-Calendar.css HTTP/1.1" 200 894 "http://localhost:8080/Dashboard.html" "Mozilla/5.0 (Windows NT 10.0; Win64; x64) AppleWebKit/537.36 (KHTML, like Gecko) Chrome/87.0.4280.88 Safari/537.36"
::1 - - [12/Dec/2020:17:26:02 -0800] "GET /assets/css/Calendar-BS4.css HTTP/1.1" 200 544 "http://localhost:8080/Dashboard.html" "Mozilla/5.0 (Windows NT 10.0; Win64; x64) AppleWebKit/537.36 (KHTML, like Gecko) Chrome/87.0.4280.88 Safari/537.36"
::1 - - [12/Dec/2020:17:26:02 -0800] "GET /assets/css/Calendar-BS4-1.css HTTP/1.1" 200 556 "http://localhost:8080/Dashboard.html" "Mozilla/5.0 (Windows NT 10.0; Win64; x64) AppleWebKit/537.36 (KHTML, like Gecko) Chrome/87.0.4280.88 Safari/537.36"
::1 - - [12/Dec/2020:17:26:02 -0800] "GET /assets/fonts/fontawesome-all.min.css HTTP/1.1" 200 12773 "http://localhost:8080/Dashboard.html" "Mozilla/5.0 (Windows NT 10.0; Win64; x64) AppleWebKit/537.36 (KHTML, like Gecko) Chrome/87.0.4280.88 Safari/537.36"
::1 - - [12/Dec/2020:17:26:02 -0800] "GET /assets/fonts/font-awesome.min.css HTTP/1.1" 200 7423 "http://localhost:8080/Dashboard.html" "Mozilla/5.0 (Windows NT 10.0; Win64; x64) AppleWebKit/537.36 (KHTML, like Gecko) Chrome/87.0.4280.88 Safari/537.36"
::1 - - [12/Dec/2020:17:26:02 -0800] "GET /assets/bootstrap/css/bootstrap.min.css HTTP/1.1" 200 27269 "http://localhost:8080/Dashboard.html" "Mozilla/5.0 (Windows NT 10.0; Win64; x64) AppleWebKit/537.36 (KHTML, like Gecko) Chrome/87.0.4280.88 Safari/537.36"
::1 - - [12/Dec/2020:17:26:02 -0800] "GET /assets/css/Calendar-JavaScript-Can-only-see-in-browser-preview-mode-10.css HTTP/1.1" 200 1661 "http://localhost:8080/Dashboard.html" "Mozilla/5.0 (Windows NT 10.0; Win64; x64) AppleWebKit/537.36 (KHTML, like Gecko) Chrome/87.0.4280.88 Safari/537.36"
::1 - - [12/Dec/2020:17:26:02 -0800] "GET /assets/fonts/ionicons.min.css HTTP/1.1" 200 8654 "http://localhost:8080/Dashboard.html" "Mozilla/5.0 (Windows NT 10.0; Win64; x64) AppleWebKit/537.36 (KHTML, like Gecko) Chrome/87.0.4280.88 Safari/537.36"
::1 - - [12/Dec/2020:17:26:02 -0800] "GET /assets/css/Calendar-JavaScript-Can-only-see-in-browser-preview-mode-3.css HTTP/1.1" 200 1279 "http://localhost:8080/Dashboard.html" "Mozilla/5.0 (Windows NT 10.0; Win64; x64) AppleWebKit/537.36 (KHTML, like Gecko) Chrome/87.0.4280.88 Safari/537.36"
::1 - - [12/Dec/2020:17:26:02 -0800] "GET /assets/css/Calendar-JavaScript-Can-only-see-in-browser-preview-mode-1.css HTTP/1.1" 200 2333 "http://localhost:8080/Dashboard.html" "Mozilla/5.0 (Windows NT 10.0; Win64; x64) AppleWebKit/537.36 (KHTML, like Gecko) Chrome/87.0.4280.88 Safari/537.36"
::1 - - [12/Dec/2020:17:26:02 -0800] "GET /assets/css/Calendar-JavaScript-Can-only-see-in-browser-preview-mode-12.css HTTP/1.1" 200 21034 "http://localhost:8080/Dashboard.html" "Mozilla/5.0 (Windows NT 10.0; Win64; x64) AppleWebKit/537.36 (KHTML, like Gecko) Chrome/87.0.4280.88 Safari/537.36"
::1 - - [12/Dec/2020:17:26:02 -0800] "GET /assets/css/Calendar-JavaScript-Can-only-see-in-browser-preview-mode-6.css HTTP/1.1" 200 1279 "http://localhost:8080/Dashboard.html" "Mozilla/5.0 (Windows NT 10.0; Win64; x64) AppleWebKit/537.36 (KHTML, like Gecko) Chrome/87.0.4280.88 Safari/537.36"
::1 - - [12/Dec/2020:17:26:02 -0800] "GET /assets/css/Calendar-JavaScript-Can-only-see-in-browser-preview-mode-2.css HTTP/1.1" 200 3037 "http://localhost:8080/Dashboard.html" "Mozilla/5.0 (Windows NT 10.0; Win64; x64) AppleWebKit/537.36 (KHTML, like Gecko) Chrome/87.0.4280.88 Safari/537.36"
::1 - - [12/Dec/2020:17:26:02 -0800] "GET /assets/css/Calendar-JavaScript-Can-only-see-in-browser-preview-mode-4.css HTTP/1.1" 200 2333 "http://localhost:8080/Dashboard.html" "Mozilla/5.0 (Windows NT 10.0; Win64; x64) AppleWebKit/537.36 (KHTML, like Gecko) Chrome/87.0.4280.88 Safari/537.36"
::1 - - [12/Dec/2020:17:26:02 -0800] "GET /assets/css/Calendar-JavaScript-Can-only-see-in-browser-preview-mode-11.css HTTP/1.1" 200 21042 "http://localhost:8080/Dashboard.html" "Mozilla/5.0 (Windows NT 10.0; Win64; x64) AppleWebKit/537.36 (KHTML, like Gecko) Chrome/87.0.4280.88 Safari/537.36"
::1 - - [12/Dec/2020:17:26:02 -0800] "GET /assets/css/Calendar-JavaScript-Can-only-see-in-browser-preview-mode-5.css HTTP/1.1" 200 3037 "http://localhost:8080/Dashboard.html" "Mozilla/5.0 (Windows NT 10.0; Win64; x64) AppleWebKit/537.36 (KHTML, like Gecko) Chrome/87.0.4280.88 Safari/537.36"
::1 - - [12/Dec/2020:17:26:02 -0800] "GET /assets/css/Calendar-JavaScript-Can-only-see-in-browser-preview-mode.css HTTP/1.1" 200 863 "http://localhost:8080/Dashboard.html" "Mozilla/5.0 (Windows NT 10.0; Win64; x64) AppleWebKit/537.36 (KHTML, like Gecko) Chrome/87.0.4280.88 Safari/537.36"
::1 - - [12/Dec/2020:17:26:02 -0800] "GET /assets/css/Contact-Form-Clean.css HTTP/1.1" 200 932 "http://localhost:8080/Dashboard.html" "Mozilla/5.0 (Windows NT 10.0; Win64; x64) AppleWebKit/537.36 (KHTML, like Gecko) Chrome/87.0.4280.88 Safari/537.36"
::1 - - [12/Dec/2020:17:26:02 -0800] "GET /assets/css/Data-Table.css HTTP/1.1" 200 347 "http://localhost:8080/Dashboard.html" "Mozilla/5.0 (Windows NT 10.0; Win64; x64) AppleWebKit/537.36 (KHTML, like Gecko) Chrome/87.0.4280.88 Safari/537.36"
::1 - - [12/Dec/2020:17:26:02 -0800] "GET /assets/css/Data-Table-1.css HTTP/1.1" 200 347 "http://localhost:8080/Dashboard.html" "Mozilla/5.0 (Windows NT 10.0; Win64; x64) AppleWebKit/537.36 (KHTML, like Gecko) Chrome/87.0.4280.88 Safari/537.36"
::1 - - [12/Dec/2020:17:26:02 -0800] "GET /assets/css/Dynamic-Table.css HTTP/1.1" 200 454 "http://localhost:8080/Dashboard.html" "Mozilla/5.0 (Windows NT 10.0; Win64; x64) AppleWebKit/537.36 (KHTML, like Gecko) Chrome/87.0.4280.88 Safari/537.36"
::1 - - [12/Dec/2020:17:26:02 -0800] "GET /assets/css/Footer-Basic.css HTTP/1.1" 200 721 "http://localhost:8080/Dashboard.html" "Mozilla/5.0 (Windows NT 10.0; Win64; x64) AppleWebKit/537.36 (KHTML, like Gecko) Chrome/87.0.4280.88 Safari/537.36"
::1 - - [12/Dec/2020:17:26:02 -0800] "GET /assets/css/Calendar-JavaScript-Can-only-see-in-browser-preview-mode-8.css HTTP/1.1" 200 6340 "http://localhost:8080/Dashboard.html" "Mozilla/5.0 (Windows NT 10.0; Win64; x64) AppleWebKit/537.36 (KHTML, like Gecko) Chrome/87.0.4280.88 Safari/537.36"
::1 - - [12/Dec/2020:17:26:02 -0800] "GET /assets/css/Calendar-JavaScript-Can-only-see-in-browser-preview-mode-9.css HTTP/1.1" 200 6340 "http://localhost:8080/Dashboard.html" "Mozilla/5.0 (Windows NT 10.0; Win64; x64) AppleWebKit/537.36 (KHTML, like Gecko) Chrome/87.0.4280.88 Safari/537.36"
::1 - - [12/Dec/2020:17:26:02 -0800] "GET /assets/css/Calendar-JavaScript-Can-only-see-in-browser-preview-mode-7.css HTTP/1.1" 200 21068 "http://localhost:8080/Dashboard.html" "Mozilla/5.0 (Windows NT 10.0; Win64; x64) AppleWebKit/537.36 (KHTML, like Gecko) Chrome/87.0.4280.88 Safari/537.36"
::1 - - [12/Dec/2020:17:26:02 -0800] "GET /assets/css/Table-With-Search-1.css HTTP/1.1" 200 704 "http://localhost:8080/Dashboard.html" "Mozilla/5.0 (Windows NT 10.0; Win64; x64) AppleWebKit/537.36 (KHTML, like Gecko) Chrome/87.0.4280.88 Safari/537.36"
::1 - - [12/Dec/2020:17:26:02 -0800] "GET /assets/css/Footer-Clean.css HTTP/1.1" 200 818 "http://localhost:8080/Dashboard.html" "Mozilla/5.0 (Windows NT 10.0; Win64; x64) AppleWebKit/537.36 (KHTML, like Gecko) Chrome/87.0.4280.88 Safari/537.36"
::1 - - [12/Dec/2020:17:26:02 -0800] "GET /assets/css/Table-With-Search.css HTTP/1.1" 200 704 "http://localhost:8080/Dashboard.html" "Mozilla/5.0 (Windows NT 10.0; Win64; x64) AppleWebKit/537.36 (KHTML, like Gecko) Chrome/87.0.4280.88 Safari/537.36"
::1 - - [12/Dec/2020:17:26:02 -0800] "GET /assets/js/bs-init.js HTTP/1.1" 200 518 "http://localhost:8080/Dashboard.html" "Mozilla/5.0 (Windows NT 10.0; Win64; x64) AppleWebKit/537.36 (KHTML, like Gecko) Chrome/87.0.4280.88 Safari/537.36"
::1 - - [12/Dec/2020:17:26:02 -0800] "GET /assets/js/Calendar-JavaScript-Can-only-see-in-browser-preview-mode-1.js HTTP/1.1" 200 9142 "http://localhost:8080/Dashboard.html" "Mozilla/5.0 (Windows NT 10.0; Win64; x64) AppleWebKit/537.36 (KHTML, like Gecko) Chrome/87.0.4280.88 Safari/537.36"
::1 - - [12/Dec/2020:17:26:02 -0800] "GET /assets/bootstrap/js/bootstrap.min.js HTTP/1.1" 200 22109 "http://localhost:8080/Dashboard.html" "Mozilla/5.0 (Windows NT 10.0; Win64; x64) AppleWebKit/537.36 (KHTML, like Gecko) Chrome/87.0.4280.88 Safari/537.36"
::1 - - [12/Dec/2020:17:26:02 -0800] "GET /assets/js/Calendar-JavaScript-Can-only-see-in-browser-preview-mode-10.js HTTP/1.1" 200 33187 "http://localhost:8080/Dashboard.html" "Mozilla/5.0 (Windows NT 10.0; Win64; x64) AppleWebKit/537.36 (KHTML, like Gecko) Chrome/87.0.4280.88 Safari/537.36"
::1 - - [12/Dec/2020:17:26:02 -0800] "GET /assets/js/jquery.min.js HTTP/1.1" 200 31062 "http://localhost:8080/Dashboard.html" "Mozilla/5.0 (Windows NT 10.0; Win64; x64) AppleWebKit/537.36 (KHTML, like Gecko) Chrome/87.0.4280.88 Safari/537.36"
::1 - - [12/Dec/2020:17:26:03 -0800] "GET /assets/js/Calendar-JavaScript-Can-only-see-in-browser-preview-mode-13.js HTTP/1.1" 200 2848 "http://localhost:8080/Dashboard.html" "Mozilla/5.0 (Windows NT 10.0; Win64; x64) AppleWebKit/537.36 (KHTML, like Gecko) Chrome/87.0.4280.88 Safari/537.36"
::1 - - [12/Dec/2020:17:26:03 -0800] "GET /assets/js/Calendar-JavaScript-Can-only-see-in-browser-preview-mode-14.js HTTP/1.1" 200 1548 "http://localhost:8080/Dashboard.html" "Mozilla/5.0 (Windows NT 10.0; Win64; x64) AppleWebKit/537.36 (KHTML, like Gecko) Chrome/87.0.4280.88 Safari/537.36"
::1 - - [12/Dec/2020:17:26:03 -0800] "GET /assets/js/Calendar-JavaScript-Can-only-see-in-browser-preview-mode-2.js HTTP/1.1" 200 1574 "http://localhost:8080/Dashboard.html" "Mozilla/5.0 (Windows NT 10.0; Win64; x64) AppleWebKit/537.36 (KHTML, like Gecko) Chrome/87.0.4280.88 Safari/537.36"
::1 - - [12/Dec/2020:17:26:03 -0800] "GET /assets/js/Calendar-JavaScript-Can-only-see-in-browser-preview-mode-3.js HTTP/1.1" 200 770 "http://localhost:8080/Dashboard.html" "Mozilla/5.0 (Windows NT 10.0; Win64; x64) AppleWebKit/537.36 (KHTML, like Gecko) Chrome/87.0.4280.88 Safari/537.36"
::1 - - [12/Dec/2020:17:26:03 -0800] "GET /assets/js/Calendar-JavaScript-Can-only-see-in-browser-preview-mode-5.js HTTP/1.1" 200 747 "http://localhost:8080/Dashboard.html" "Mozilla/5.0 (Windows NT 10.0; Win64; x64) AppleWebKit/537.36 (KHTML, like Gecko) Chrome/87.0.4280.88 Safari/537.36"
::1 - - [12/Dec/2020:17:26:03 -0800] "GET /assets/js/Calendar-JavaScript-Can-only-see-in-browser-preview-mode-11.js HTTP/1.1" 200 33683 "http://localhost:8080/Dashboard.html" "Mozilla/5.0 (Windows NT 10.0; Win64; x64) AppleWebKit/537.36 (KHTML, like Gecko) Chrome/87.0.4280.88 Safari/537.36"
::1 - - [12/Dec/2020:17:26:03 -0800] "GET /assets/js/Calendar-JavaScript-Can-only-see-in-browser-preview-mode-7.js HTTP/1.1" 200 1574 "http://localhost:8080/Dashboard.html" "Mozilla/5.0 (Windows NT 10.0; Win64; x64) AppleWebKit/537.36 (KHTML, like Gecko) Chrome/87.0.4280.88 Safari/537.36"
::1 - - [12/Dec/2020:17:26:03 -0800] "GET /assets/js/Calendar-JavaScript-Can-only-see-in-browser-preview-mode-4.js HTTP/1.1" 200 4806 "http://localhost:8080/Dashboard.html" "Mozilla/5.0 (Windows NT 10.0; Win64; x64) AppleWebKit/537.36 (KHTML, like Gecko) Chrome/87.0.4280.88 Safari/537.36"
::1 - - [12/Dec/2020:17:26:03 -0800] "GET /assets/js/Calendar-JavaScript-Can-only-see-in-browser-preview-mode-6.js HTTP/1.1" 200 9142 "http://localhost:8080/Dashboard.html" "Mozilla/5.0 (Windows NT 10.0; Win64; x64) AppleWebKit/537.36 (KHTML, like Gecko) Chrome/87.0.4280.88 Safari/537.36"
::1 - - [12/Dec/2020:17:26:03 -0800] "GET /assets/js/Calendar-JavaScript-Can-only-see-in-browser-preview-mode-8.js HTTP/1.1" 200 4806 "http://localhost:8080/Dashboard.html" "Mozilla/5.0 (Windows NT 10.0; Win64; x64) AppleWebKit/537.36 (KHTML, like Gecko) Chrome/87.0.4280.88 Safari/537.36"
::1 - - [12/Dec/2020:17:26:03 -0800] "GET /assets/js/Calendar-JavaScript-Can-only-see-in-browser-preview-mode-12.js HTTP/1.1" 200 33683 "http://localhost:8080/Dashboard.html" "Mozilla/5.0 (Windows NT 10.0; Win64; x64) AppleWebKit/537.36 (KHTML, like Gecko) Chrome/87.0.4280.88 Safari/537.36"
::1 - - [12/Dec/2020:17:26:03 -0800] "GET /assets/js/Dynamic-Table.js HTTP/1.1" 200 718 "http://localhost:8080/Dashboard.html" "Mozilla/5.0 (Windows NT 10.0; Win64; x64) AppleWebKit/537.36 (KHTML, like Gecko) Chrome/87.0.4280.88 Safari/537.36"
::1 - - [12/Dec/2020:17:26:03 -0800] "GET /assets/js/Calendar-JavaScript-Can-only-see-in-browser-preview-mode-9.js HTTP/1.1" 200 10129 "http://localhost:8080/Dashboard.html" "Mozilla/5.0 (Windows NT 10.0; Win64; x64) AppleWebKit/537.36 (KHTML, like Gecko) Chrome/87.0.4280.88 Safari/537.36"
::1 - - [12/Dec/2020:17:26:03 -0800] "GET /assets/js/theme.js HTTP/1.1" 200 1037 "http://localhost:8080/Dashboard.html" "Mozilla/5.0 (Windows NT 10.0; Win64; x64) AppleWebKit/537.36 (KHTML, like Gecko) Chrome/87.0.4280.88 Safari/537.36"
::1 - - [12/Dec/2020:17:26:03 -0800] "GET /assets/js/Table-With-Search.js HTTP/1.1" 200 832 "http://localhost:8080/Dashboard.html" "Mozilla/5.0 (Windows NT 10.0; Win64; x64) AppleWebKit/537.36 (KHTML, like Gecko) Chrome/87.0.4280.88 Safari/537.36"
::1 - - [12/Dec/2020:17:26:02 -0800] "GET /assets/js/chart.min.js HTTP/1.1" 200 64654 "http://localhost:8080/Dashboard.html" "Mozilla/5.0 (Windows NT 10.0; Win64; x64) AppleWebKit/537.36 (KHTML, like Gecko) Chrome/87.0.4280.88 Safari/537.36"
::1 - - [12/Dec/2020:17:26:03 -0800] "GET /assets/img/Profile%20Photo%20Blank.png HTTP/1.1" 200 1763 "http://localhost:8080/Dashboard.html" "Mozilla/5.0 (Windows NT 10.0; Win64; x64) AppleWebKit/537.36 (KHTML, like Gecko) Chrome/87.0.4280.88 Safari/537.36"
::1 - - [12/Dec/2020:17:26:03 -0800] "GET /assets/js/Calendar-JavaScript-Can-only-see-in-browser-preview-mode.js HTTP/1.1" 200 12352 "http://localhost:8080/Dashboard.html" "Mozilla/5.0 (Windows NT 10.0; Win64; x64) AppleWebKit/537.36 (KHTML, like Gecko) Chrome/87.0.4280.88 Safari/537.36"
::1 - - [12/Dec/2020:17:26:03 -0800] "GET /rgb(255,229,0) HTTP/1.1" 404 521 "http://localhost:8080/Dashboard.html" "Mozilla/5.0 (Windows NT 10.0; Win64; x64) AppleWebKit/537.36 (KHTML, like Gecko) Chrome/87.0.4280.88 Safari/537.36"
::1 - - [12/Dec/2020:17:26:03 -0800] "GET /assets/img/almond-plantation-13068819.jpg HTTP/1.1" 200 112651 "http://localhost:8080/Dashboard.html" "Mozilla/5.0 (Windows NT 10.0; Win64; x64) AppleWebKit/537.36 (KHTML, like Gecko) Chrome/87.0.4280.88 Safari/537.36"
::1 - - [12/Dec/2020:17:26:03 -0800] "GET /assets/fonts/fa-solid-900.woff2 HTTP/1.1" 200 76405 "http://localhost:8080/assets/fonts/fontawesome-all.min.css" "Mozilla/5.0 (Windows NT 10.0; Win64; x64) AppleWebKit/537.36 (KHTML, like Gecko) Chrome/87.0.4280.88 Safari/537.36"
::1 - - [12/Dec/2020:17:26:03 -0800] "GET /assets/fonts/ionicons.ttf?v=2.0.0 HTTP/1.1" 200 188828 "http://localhost:8080/assets/fonts/ionicons.min.css" "Mozilla/5.0 (Windows NT 10.0; Win64; x64) AppleWebKit/537.36 (KHTML, like Gecko) Chrome/87.0.4280.88 Safari/537.36"
::1 - - [12/Dec/2020:17:26:03 -0800] "GET /assets/fonts/fa-regular-400.woff2 HTTP/1.1" 200 13896 "http://localhost:8080/assets/fonts/fontawesome-all.min.css" "Mozilla/5.0 (Windows NT 10.0; Win64; x64) AppleWebKit/537.36 (KHTML, like Gecko) Chrome/87.0.4280.88 Safari/537.36"
::1 - - [12/Dec/2020:17:26:05 -0800] "GET /Browse%20Practices.html HTTP/1.1" 200 3642 "http://localhost:8080/Dashboard.html" "Mozilla/5.0 (Windows NT 10.0; Win64; x64) AppleWebKit/537.36 (KHTML, like Gecko) Chrome/87.0.4280.88 Safari/537.36"
::1 - - [12/Dec/2020:17:26:06 -0800] "GET /rgb(255,229,0) HTTP/1.1" 404 521 "http://localhost:8080/Browse%20Practices.html" "Mozilla/5.0 (Windows NT 10.0; Win64; x64) AppleWebKit/537.36 (KHTML, like Gecko) Chrome/87.0.4280.88 Safari/537.36"
::1 - - [12/Dec/2020:17:26:06 -0800] "GET /assets/img/moo.jpg HTTP/1.1" 200 163091 "http://localhost:8080/Browse%20Practices.html" "Mozilla/5.0 (Windows NT 10.0; Win64; x64) AppleWebKit/537.36 (KHTML, like Gecko) Chrome/87.0.4280.88 Safari/537.36"
::1 - - [12/Dec/2020:17:26:06 -0800] "GET /assets/fonts/fontawesome-webfont.woff2?v=4.7.0 HTTP/1.1" 200 77481 "http://localhost:8080/assets/fonts/font-awesome.min.css" "Mozilla/5.0 (Windows NT 10.0; Win64; x64) AppleWebKit/537.36 (KHTML, like Gecko) Chrome/87.0.4280.88 Safari/537.36"
::1 - - [12/Dec/2020:17:26:09 -0800] "GET /rgb(255,229,0) HTTP/1.1" 404 521 "http://localhost:8080/Dashboard.html" "Mozilla/5.0 (Windows NT 10.0; Win64; x64) AppleWebKit/537.36 (KHTML, like Gecko) Chrome/87.0.4280.88 Safari/537.36"
::1 - - [12/Dec/2020:17:26:10 -0800] "GET /profile.html HTTP/1.1" 200 3627 "http://localhost:8080/Dashboard.html" "Mozilla/5.0 (Windows NT 10.0; Win64; x64) AppleWebKit/537.36 (KHTML, like Gecko) Chrome/87.0.4280.88 Safari/537.36"
::1 - - [12/Dec/2020:17:26:10 -0800] "GET /rgb(255,229,0) HTTP/1.1" 404 521 "http://localhost:8080/profile.html" "Mozilla/5.0 (Windows NT 10.0; Win64; x64) AppleWebKit/537.36 (KHTML, like Gecko) Chrome/87.0.4280.88 Safari/537.36"
::1 - - [12/Dec/2020:17:26:12 -0800] "GET /myCalender.html HTTP/1.1" 200 4295 "http://localhost:8080/profile.html" "Mozilla/5.0 (Windows NT 10.0; Win64; x64) AppleWebKit/537.36 (KHTML, like Gecko) Chrome/87.0.4280.88 Safari/537.36"
::1 - - [12/Dec/2020:17:26:12 -0800] "GET /rgb(255,229,0) HTTP/1.1" 404 521 "http://localhost:8080/myCalender.html" "Mozilla/5.0 (Windows NT 10.0; Win64; x64) AppleWebKit/537.36 (KHTML, like Gecko) Chrome/87.0.4280.88 Safari/537.36"
::1 - - [12/Dec/2020:17:26:14 -0800] "GET /rgb(255,229,0) HTTP/1.1" 404 521 "http://localhost:8080/Browse%20Practices.html" "Mozilla/5.0 (Windows NT 10.0; Win64; x64) AppleWebKit/537.36 (KHTML, like Gecko) Chrome/87.0.4280.88 Safari/537.36"
::1 - - [12/Dec/2020:17:26:15 -0800] "GET /Data%20table.html HTTP/1.1" 200 3500 "http://localhost:8080/Browse%20Practices.html" "Mozilla/5.0 (Windows NT 10.0; Win64; x64) AppleWebKit/537.36 (KHTML, like Gecko) Chrome/87.0.4280.88 Safari/537.36"
::1 - - [12/Dec/2020:17:26:15 -0800] "GET /rgb(255,229,0) HTTP/1.1" 404 521 "http://localhost:8080/Data%20table.html" "Mozilla/5.0 (Windows NT 10.0; Win64; x64) AppleWebKit/537.36 (KHTML, like Gecko) Chrome/87.0.4280.88 Safari/537.36"
::1 - - [12/Dec/2020:17:26:18 -0800] "GET /Canal%20Level%20PSI.html HTTP/1.1" 200 5309 "http://localhost:8080/Data%20table.html" "Mozilla/5.0 (Windows NT 10.0; Win64; x64) AppleWebKit/537.36 (KHTML, like Gecko) Chrome/87.0.4280.88 Safari/537.36"
::1 - - [12/Dec/2020:17:26:18 -0800] "GET /rgb(255,229,0) HTTP/1.1" 404 521 "http://localhost:8080/Canal%20Level%20PSI.html" "Mozilla/5.0 (Windows NT 10.0; Win64; x64) AppleWebKit/537.36 (KHTML, like Gecko) Chrome/87.0.4280.88 Safari/537.36"
::1 - - [12/Dec/2020:17:26:29 -0800] "-" 408 0 "-" "-"
::1 - - [12/Dec/2020:17:26:29 -0800] "OPTIONS * HTTP/1.0" 200 126 "-" "Apache/2.4.41 (Ubuntu) (internal dummy connection)"
::1 - - [12/Dec/2020:17:26:34 -0800] "GET /rgb(255,229,0) HTTP/1.1" 404 522 "http://localhost:8080/Data%20table.html" "Mozilla/5.0 (Windows NT 10.0; Win64; x64) AppleWebKit/537.36 (KHTML, like Gecko) Chrome/87.0.4280.88 Safari/537.36"
::1 - - [12/Dec/2020:17:26:53 -0800] "-" 408 0 "-" "-"
::1 - - [12/Dec/2020:17:29:02 -0800] "GET /Canal%20Level%20PSI HTTP/1.1" 404 522 "-" "Mozilla/5.0 (Windows NT 10.0; Win64; x64) AppleWebKit/537.36 (KHTML, like Gecko) Chrome/87.0.4280.88 Safari/537.36"
::1 - - [12/Dec/2020:17:29:06 -0800] "GET /Canal%20Level%20PSI.php HTTP/1.1" 200 5222 "-" "Mozilla/5.0 (Windows NT 10.0; Win64; x64) AppleWebKit/537.36 (KHTML, like Gecko) Chrome/87.0.4280.88 Safari/537.36"
::1 - - [12/Dec/2020:17:29:06 -0800] "GET /rgb(255,229,0) HTTP/1.1" 404 521 "http://localhost:8080/Canal%20Level%20PSI.php" "Mozilla/5.0 (Windows NT 10.0; Win64; x64) AppleWebKit/537.36 (KHTML, like Gecko) Chrome/87.0.4280.88 Safari/537.36"
::1 - - [12/Dec/2020:17:32:21 -0800] "GET /Canal%20Level%20PSI.php HTTP/1.1" 200 2973 "-" "Mozilla/5.0 (Windows NT 10.0; Win64; x64) AppleWebKit/537.36 (KHTML, like Gecko) Chrome/87.0.4280.88 Safari/537.36"
::1 - - [12/Dec/2020:17:32:22 -0800] "GET /rgb(255,229,0) HTTP/1.1" 404 521 "http://localhost:8080/Canal%20Level%20PSI.php" "Mozilla/5.0 (Windows NT 10.0; Win64; x64) AppleWebKit/537.36 (KHTML, like Gecko) Chrome/87.0.4280.88 Safari/537.36"
::1 - - [12/Dec/2020:17:32:41 -0800] "-" 408 0 "-" "-"
::1 - - [12/Dec/2020:17:51:45 -0800] "GET /Canal%20Level%20PSI.php HTTP/1.1" 200 9055 "-" "Mozilla/5.0 (Windows NT 10.0; Win64; x64) AppleWebKit/537.36 (KHTML, like Gecko) Chrome/87.0.4280.88 Safari/537.36"
::1 - - [12/Dec/2020:17:51:45 -0800] "GET /rgb(255,229,0) HTTP/1.1" 404 521 "http://localhost:8080/Canal%20Level%20PSI.php" "Mozilla/5.0 (Windows NT 10.0; Win64; x64) AppleWebKit/537.36 (KHTML, like Gecko) Chrome/87.0.4280.88 Safari/537.36"
::1 - - [12/Dec/2020:17:52:31 -0800] "GET /rgb(255,229,0) HTTP/1.1" 404 522 "http://localhost:8080/Data%20table.html" "Mozilla/5.0 (Windows NT 10.0; Win64; x64) AppleWebKit/537.36 (KHTML, like Gecko) Chrome/87.0.4280.88 Safari/537.36"
::1 - - [12/Dec/2020:17:53:54 -0800] "GET /Data%20table.html HTTP/1.1" 200 3502 "http://localhost:8080/Canal%20Level%20PSI.php" "Mozilla/5.0 (Windows NT 10.0; Win64; x64) AppleWebKit/537.36 (KHTML, like Gecko) Chrome/87.0.4280.88 Safari/537.36"
::1 - - [12/Dec/2020:17:53:54 -0800] "GET /rgb(255,229,0) HTTP/1.1" 404 521 "http://localhost:8080/Data%20table.html" "Mozilla/5.0 (Windows NT 10.0; Win64; x64) AppleWebKit/537.36 (KHTML, like Gecko) Chrome/87.0.4280.88 Safari/537.36"
::1 - - [12/Dec/2020:17:55:05 -0800] "GET /Data%20table.html HTTP/1.1" 200 3493 "http://localhost:8080/Canal%20Level%20PSI.php" "Mozilla/5.0 (Windows NT 10.0; Win64; x64) AppleWebKit/537.36 (KHTML, like Gecko) Chrome/87.0.4280.88 Safari/537.36"
::1 - - [12/Dec/2020:17:55:05 -0800] "GET /rgb(255,229,0) HTTP/1.1" 404 521 "http://localhost:8080/Data%20table.html" "Mozilla/5.0 (Windows NT 10.0; Win64; x64) AppleWebKit/537.36 (KHTML, like Gecko) Chrome/87.0.4280.88 Safari/537.36"
::1 - - [12/Dec/2020:17:55:07 -0800] "GET /Canal%20Level%20PSI.php HTTP/1.1" 200 9054 "http://localhost:8080/Data%20table.html" "Mozilla/5.0 (Windows NT 10.0; Win64; x64) AppleWebKit/537.36 (KHTML, like Gecko) Chrome/87.0.4280.88 Safari/537.36"
::1 - - [12/Dec/2020:17:55:07 -0800] "GET /rgb(255,229,0) HTTP/1.1" 404 521 "http://localhost:8080/Canal%20Level%20PSI.php" "Mozilla/5.0 (Windows NT 10.0; Win64; x64) AppleWebKit/537.36 (KHTML, like Gecko) Chrome/87.0.4280.88 Safari/537.36"
::1 - - [12/Dec/2020:17:55:13 -0800] "GET /Data%20table.html HTTP/1.1" 200 3493 "http://localhost:8080/Canal%20Level%20PSI.php" "Mozilla/5.0 (Windows NT 10.0; Win64; x64) AppleWebKit/537.36 (KHTML, like Gecko) Chrome/87.0.4280.88 Safari/537.36"
::1 - - [12/Dec/2020:17:55:13 -0800] "GET /rgb(255,229,0) HTTP/1.1" 404 521 "http://localhost:8080/Data%20table.html" "Mozilla/5.0 (Windows NT 10.0; Win64; x64) AppleWebKit/537.36 (KHTML, like Gecko) Chrome/87.0.4280.88 Safari/537.36"
::1 - - [12/Dec/2020:17:55:14 -0800] "GET /Canal%20Level%20PSI.php HTTP/1.1" 200 9054 "http://localhost:8080/Data%20table.html" "Mozilla/5.0 (Windows NT 10.0; Win64; x64) AppleWebKit/537.36 (KHTML, like Gecko) Chrome/87.0.4280.88 Safari/537.36"
::1 - - [12/Dec/2020:17:55:14 -0800] "GET /rgb(255,229,0) HTTP/1.1" 404 521 "http://localhost:8080/Canal%20Level%20PSI.php" "Mozilla/5.0 (Windows NT 10.0; Win64; x64) AppleWebKit/537.36 (KHTML, like Gecko) Chrome/87.0.4280.88 Safari/537.36"
::1 - - [12/Dec/2020:17:55:50 -0800] "GET /Canal%20Level%20PSI.php HTTP/1.1" 200 9055 "http://localhost:8080/Data%20table.html" "Mozilla/5.0 (Windows NT 10.0; Win64; x64) AppleWebKit/537.36 (KHTML, like Gecko) Chrome/87.0.4280.88 Safari/537.36"
::1 - - [12/Dec/2020:17:55:50 -0800] "GET /rgb(255,229,0) HTTP/1.1" 404 521 "http://localhost:8080/Canal%20Level%20PSI.php" "Mozilla/5.0 (Windows NT 10.0; Win64; x64) AppleWebKit/537.36 (KHTML, like Gecko) Chrome/87.0.4280.88 Safari/537.36"
::1 - - [12/Dec/2020:17:55:57 -0800] "GET /Flow%20Meter.php HTTP/1.1" 200 5216 "http://localhost:8080/Data%20table.html" "Mozilla/5.0 (Windows NT 10.0; Win64; x64) AppleWebKit/537.36 (KHTML, like Gecko) Chrome/87.0.4280.88 Safari/537.36"
::1 - - [12/Dec/2020:17:55:57 -0800] "GET /rgb(255,229,0) HTTP/1.1" 404 521 "http://localhost:8080/Flow%20Meter.php" "Mozilla/5.0 (Windows NT 10.0; Win64; x64) AppleWebKit/537.36 (KHTML, like Gecko) Chrome/87.0.4280.88 Safari/537.36"
::1 - - [12/Dec/2020:17:58:10 -0800] "GET /Data%20table.html HTTP/1.1" 200 3473 "http://localhost:8080/Canal%20Level%20PSI.php" "Mozilla/5.0 (Windows NT 10.0; Win64; x64) AppleWebKit/537.36 (KHTML, like Gecko) Chrome/87.0.4280.88 Safari/537.36"
::1 - - [12/Dec/2020:17:58:10 -0800] "GET /rgb(255,229,0) HTTP/1.1" 404 521 "http://localhost:8080/Data%20table.html" "Mozilla/5.0 (Windows NT 10.0; Win64; x64) AppleWebKit/537.36 (KHTML, like Gecko) Chrome/87.0.4280.88 Safari/537.36"
::1 - - [12/Dec/2020:17:58:12 -0800] "GET /Flow%20Meter.php HTTP/1.1" 200 4398 "http://localhost:8080/Data%20table.html" "Mozilla/5.0 (Windows NT 10.0; Win64; x64) AppleWebKit/537.36 (KHTML, like Gecko) Chrome/87.0.4280.88 Safari/537.36"
::1 - - [12/Dec/2020:17:58:12 -0800] "GET /rgb(255,229,0) HTTP/1.1" 404 521 "http://localhost:8080/Flow%20Meter.php" "Mozilla/5.0 (Windows NT 10.0; Win64; x64) AppleWebKit/537.36 (KHTML, like Gecko) Chrome/87.0.4280.88 Safari/537.36"
::1 - - [12/Dec/2020:18:01:50 -0800] "GET /Data%20table.html HTTP/1.1" 200 3473 "http://localhost:8080/Flow%20Meter.php" "Mozilla/5.0 (Windows NT 10.0; Win64; x64) AppleWebKit/537.36 (KHTML, like Gecko) Chrome/87.0.4280.88 Safari/537.36"
::1 - - [12/Dec/2020:18:01:50 -0800] "GET /rgb(255,229,0) HTTP/1.1" 404 521 "http://localhost:8080/Data%20table.html" "Mozilla/5.0 (Windows NT 10.0; Win64; x64) AppleWebKit/537.36 (KHTML, like Gecko) Chrome/87.0.4280.88 Safari/537.36"
::1 - - [12/Dec/2020:18:01:50 -0800] "GET /rgb(255,229,0) HTTP/1.1" 404 521 "http://localhost:8080/Data%20table.html" "Mozilla/5.0 (Windows NT 10.0; Win64; x64) AppleWebKit/537.36 (KHTML, like Gecko) Chrome/87.0.4280.88 Safari/537.36"
::1 - - [12/Dec/2020:18:01:54 -0800] "GET /Sentek%20Sensor%20Depth.php HTTP/1.1" 200 13456 "http://localhost:8080/Data%20table.html" "Mozilla/5.0 (Windows NT 10.0; Win64; x64) AppleWebKit/537.36 (KHTML, like Gecko) Chrome/87.0.4280.88 Safari/537.36"
::1 - - [12/Dec/2020:18:01:55 -0800] "GET /rgb(255,229,0) HTTP/1.1" 404 521 "http://localhost:8080/Sentek%20Sensor%20Depth.php" "Mozilla/5.0 (Windows NT 10.0; Win64; x64) AppleWebKit/537.36 (KHTML, like Gecko) Chrome/87.0.4280.88 Safari/537.36"
::1 - - [12/Dec/2020:18:03:02 -0800] "GET /Sentek%20Sensor%20Depth.php HTTP/1.1" 200 13472 "http://localhost:8080/Data%20table.html" "Mozilla/5.0 (Windows NT 10.0; Win64; x64) AppleWebKit/537.36 (KHTML, like Gecko) Chrome/87.0.4280.88 Safari/537.36"
::1 - - [12/Dec/2020:18:03:03 -0800] "GET /rgb(255,229,0) HTTP/1.1" 404 521 "http://localhost:8080/Sentek%20Sensor%20Depth.php" "Mozilla/5.0 (Windows NT 10.0; Win64; x64) AppleWebKit/537.36 (KHTML, like Gecko) Chrome/87.0.4280.88 Safari/537.36"
